<?xml version="1.0" encoding="UTF-8"?>
<testng-results ignored="0" total="1" passed="1" failed="0" skipped="0">
  <reporter-output>
  </reporter-output>
  <suite started-at="2026-09-17T19:40:29 IST" name="OHRMTesting" finished-at="2026-09-17T19:41:19 IST" duration-ms="50196">
    <groups>
    </groups>
    <test started-at="2026-09-17T19:40:29 IST" name="UI Tests" finished-at="2026-09-17T19:41:19 IST" duration-ms="50196">
      <class name="tests.EmployeeLifeCycleTest">
        <test-method is-config="true" signature="setup()[pri:0, instance:tests.EmployeeLifeCycleTest@3ad83a66]" started-at="2026-09-17T19:40:29 IST" name="setup" finished-at="2026-09-17T19:40:47 IST" duration-ms="17934" status="PASS">
          <reporter-output>
          </reporter-output>
        </test-method> <!-- setup -->
        <test-method signature="employeeLifecycle()[pri:0, instance:tests.EmployeeLifeCycleTest@3ad83a66]" started-at="2026-09-17T19:40:47 IST" name="employeeLifecycle" finished-at="2026-09-17T19:41:18 IST" duration-ms="31850" status="PASS">
          <reporter-output>
          </reporter-output>
        </test-method> <!-- employeeLifecycle -->
        <test-method is-config="true" signature="tearDown()[pri:0, instance:tests.EmployeeLifeCycleTest@3ad83a66]" started-at="2026-09-17T19:41:19 IST" name="tearDown" finished-at="2026-09-17T19:41:19 IST" duration-ms="333" status="PASS">
          <reporter-output>
          </reporter-output>
        </test-method> <!-- tearDown -->
      </class> <!-- tests.EmployeeLifeCycleTest -->
    </test> <!-- UI Tests -->
  </suite> <!-- OHRMTesting -->
</testng-results>
